{"level":"info","message":"Server started on port 3001","timestamp":"2023-05-10T05:53:03.899Z"}
{"level":"info","message":"Connected to MongoDB Atlas","timestamp":"2023-05-10T05:53:04.415Z"}
{"level":"info","message":"Connected to MongoDB Atlas","timestamp":"2023-05-10T05:53:04.417Z"}
{"level":"info","message":"password is valid ","timestamp":"2023-05-10T06:15:20.335Z"}
{"level":"info","message":"get by Name","timestamp":"2023-05-10T06:15:33.997Z"}
{"level":"info","message":"userName = asif","timestamp":"2023-05-10T06:15:33.998Z"}
{"level":"info","message":{"acknowledged":true,"insertedId":"645b3692d208ae5c74357ba6"},"timestamp":"2023-05-10T06:15:46.381Z"}
{"level":"info","message":"645505dad292dbdf2fa5bdf4","timestamp":"2023-05-10T06:15:52.188Z"}
{"level":"info","message":"Document deleted successfully","timestamp":"2023-05-10T06:15:52.241Z"}
{"level":"info","message":"Connected to MongoDB Atlas","timestamp":"2023-05-10T06:15:59.497Z"}
{"level":"info","message":"Connected to MongoDB Atlas","timestamp":"2023-05-10T06:15:59.505Z"}
{"level":"error","timestamp":"2023-05-10T06:16:34.976Z"}
{"level":"info","message":"Error getting document","timestamp":"2023-05-10T06:16:34.978Z"}
{"level":"info","message":"Server started on port 3001","timestamp":"2023-05-10T06:17:00.506Z"}
{"level":"info","message":"Connected to MongoDB Atlas","timestamp":"2023-05-10T06:17:00.892Z"}
{"level":"info","message":"Connected to MongoDB Atlas","timestamp":"2023-05-10T06:17:00.894Z"}
{"level":"info","message":"password is valid ","timestamp":"2023-05-10T06:17:07.315Z"}
{"level":"info","message":"Server started on port 3001","timestamp":"2023-05-10T14:17:54.203Z"}
{"level":"info","message":"Connected to MongoDB Atlas","timestamp":"2023-05-10T14:17:54.750Z"}
{"level":"info","message":"Connected to MongoDB Atlas","timestamp":"2023-05-10T14:17:54.751Z"}
{"level":"info","message":"password is valid ","timestamp":"2023-05-10T14:22:07.767Z"}
{"level":"info","message":"get by Name","timestamp":"2023-05-10T14:25:25.046Z"}
{"level":"info","message":"userName = manas","timestamp":"2023-05-10T14:25:25.047Z"}
{"level":"info","message":"get by Age","timestamp":"2023-05-10T14:26:32.549Z"}
{"level":"info","message":"userAge = 90","timestamp":"2023-05-10T14:26:32.550Z"}
